<?xml version="1.0" encoding="UTF-8" standalone="yes"?><!DOCTYPE report PUBLIC "-//JACOCO//DTD Report 1.1//EN" "report.dtd"><report name="Docs Core"><sessioninfo id="oslab-2025S-79109f8c" start="1778644794829" dump="1778644802214"/><sessioninfo id="oslab-2025S-54d08e95" start="1778644802437" dump="1778644868714"/><sessioninfo id="oslab-2025S-e086cf22" start="1778644868970" dump="1778644870106"/><sessioninfo id="oslab-2025S-34b586d9" start="1778644870283" dump="1778644875733"/><sessioninfo id="oslab-2025S-305ffcf1" start="1778644875989" dump="1778644881305"/><sessioninfo id="oslab-2025S-987c5456" start="1778644881514" dump="1778644892950"/><sessioninfo id="oslab-2025S-9ca51333" start="1778644893177" dump="1778644893567"/><sessioninfo id="oslab-2025S-4692f692" start="1778644893776" dump="1778644894312"/><sessioninfo id="oslab-2025S-59f7ee09" start="1778644894488" dump="1778644894899"/><sessioninfo id="oslab-2025S-18202382" start="1778644895155" dump="1778644895536"/><sessioninfo id="oslab-2025S-69f92855" start="1778644895717" dump="1778644896128"/><sessioninfo id="oslab-2025S-3a2edea6" start="1778644896341" dump="1778644896755"/></report>